<?xml version="1.0" encoding="UTF-8"?>
<!-- Generated by org.testng.reporters.JUnitXMLReporter -->
<testsuite hostname="LAPTOP-Q896LVOS" failures="0" tests="5" name="LoginTest" time="6.787" errors="0" timestamp="28 Dec 2021 10:31:42 GMT">
  <testcase classname="com.qa.tests.DemoTestJava" name="div" time="0.01"/>
  <testcase classname="com.qa.tests.DemoTestJava" name="multi" time="0.0"/>
  <testcase classname="com.qa.tests.DemoTestJava" name="sub" time="0.0"/>
  <testcase classname="com.qa.tests.DemoTestJava" name="sum" time="0.0"/>
  <testcase classname="com.qa.tests.TestNGTestOne" name="f" time="6.468"/>
</testsuite> <!-- LoginTest -->
