<?xml version="1.0" encoding="UTF-8"?>
<testsuite name="TestSuite" time="6.478" tests="5" errors="0" skipped="0" failures="0">
  <properties>
[...]
</properties>
  <testcase name="div" classname="com.qa.tests.DemoTestJava" time="0.01"/>
  <testcase name="multi" classname="com.qa.tests.DemoTestJava" time="0"/>
  <testcase name="sub" classname="com.qa.tests.DemoTestJava" time="0"/>
  <testcase name="sum" classname="com.qa.tests.DemoTestJava" time="0"/>
  <testcase name="f" classname="com.qa.tests.TestNGTestOne" time="6.468"/>
</testsuite>