<?xml version="1.0" encoding="UTF-8"?>
<testng-results total="5" passed="5" failed="0" skipped="0">
  <reporter-output>
  </reporter-output>
  <suite started-at="2021-12-28T10:31:35Z" name="TestSuite" finished-at="2021-12-28T10:31:42Z" duration-ms="6787">
    <groups>
    </groups>
    <test started-at="2021-12-28T10:31:35Z" name="LoginTest" finished-at="2021-12-28T10:31:42Z" duration-ms="6787">
      <class name="com.qa.tests.TestNGTestOne">
        <test-method signature="f()[pri:0, instance:com.qa.tests.TestNGTestOne@481a996b]" started-at="2021-12-28T16:01:35Z" name="f" finished-at="2021-12-28T16:01:42Z" duration-ms="6468" status="PASS">
          <reporter-output>
          </reporter-output>
        </test-method> <!-- f -->
        <test-method is-config="true" signature="beforeMethod()[pri:0, instance:com.qa.tests.TestNGTestOne@481a996b]" started-at="2021-12-28T16:01:35Z" name="beforeMethod" finished-at="2021-12-28T16:01:35Z" duration-ms="0" status="PASS">
          <reporter-output>
          </reporter-output>
        </test-method> <!-- beforeMethod -->
        <test-method is-config="true" signature="afterMethod()[pri:0, instance:com.qa.tests.TestNGTestOne@481a996b]" started-at="2021-12-28T16:01:42Z" name="afterMethod" finished-at="2021-12-28T16:01:42Z" duration-ms="294" status="PASS">
          <reporter-output>
          </reporter-output>
        </test-method> <!-- afterMethod -->
      </class> <!-- com.qa.tests.TestNGTestOne -->
      <class name="com.qa.tests.DemoTestJava">
        <test-method signature="div()[pri:0, instance:com.qa.tests.DemoTestJava@4ac3c60d]" started-at="2021-12-28T16:01:35Z" name="div" finished-at="2021-12-28T16:01:35Z" duration-ms="10" status="PASS">
          <reporter-output>
          </reporter-output>
        </test-method> <!-- div -->
        <test-method signature="multi()[pri:0, instance:com.qa.tests.DemoTestJava@4ac3c60d]" started-at="2021-12-28T16:01:35Z" name="multi" finished-at="2021-12-28T16:01:35Z" duration-ms="0" status="PASS">
          <reporter-output>
          </reporter-output>
        </test-method> <!-- multi -->
        <test-method signature="sub()[pri:0, instance:com.qa.tests.DemoTestJava@4ac3c60d]" started-at="2021-12-28T16:01:35Z" name="sub" finished-at="2021-12-28T16:01:35Z" duration-ms="0" status="PASS">
          <reporter-output>
          </reporter-output>
        </test-method> <!-- sub -->
        <test-method signature="sum()[pri:0, instance:com.qa.tests.DemoTestJava@4ac3c60d]" started-at="2021-12-28T16:01:35Z" name="sum" finished-at="2021-12-28T16:01:35Z" duration-ms="0" status="PASS">
          <reporter-output>
          </reporter-output>
        </test-method> <!-- sum -->
      </class> <!-- com.qa.tests.DemoTestJava -->
    </test> <!-- LoginTest -->
  </suite> <!-- TestSuite -->
</testng-results>
