<?xml version="1.0" encoding="UTF-8"?>
<testng-results total="5" passed="5" failed="0" skipped="0">
  <reporter-output>
  </reporter-output>
  <suite started-at="2021-12-28T10:27:26Z" name="TestSuite" finished-at="2021-12-28T10:27:32Z" duration-ms="6435">
    <groups>
    </groups>
    <test started-at="2021-12-28T10:27:26Z" name="LoginTest" finished-at="2021-12-28T10:27:32Z" duration-ms="6435">
      <class name="com.qa.tests.TestNGTestOne">
        <test-method is-config="true" signature="beforeMethod()[pri:0, instance:com.qa.tests.TestNGTestOne@131ef10]" started-at="2021-12-28T15:57:26Z" name="beforeMethod" finished-at="2021-12-28T15:57:26Z" duration-ms="0" status="PASS">
          <reporter-output>
          </reporter-output>
        </test-method> <!-- beforeMethod -->
        <test-method signature="f()[pri:0, instance:com.qa.tests.TestNGTestOne@131ef10]" started-at="2021-12-28T15:57:26Z" name="f" finished-at="2021-12-28T15:57:32Z" duration-ms="6228" status="PASS">
          <reporter-output>
          </reporter-output>
        </test-method> <!-- f -->
        <test-method is-config="true" signature="afterMethod()[pri:0, instance:com.qa.tests.TestNGTestOne@131ef10]" started-at="2021-12-28T15:57:32Z" name="afterMethod" finished-at="2021-12-28T15:57:32Z" duration-ms="164" status="PASS">
          <reporter-output>
          </reporter-output>
        </test-method> <!-- afterMethod -->
      </class> <!-- com.qa.tests.TestNGTestOne -->
      <class name="com.qa.tests.DemoTestJava">
        <test-method signature="div()[pri:0, instance:com.qa.tests.DemoTestJava@b2c9a9c]" started-at="2021-12-28T15:57:26Z" name="div" finished-at="2021-12-28T15:57:26Z" duration-ms="14" status="PASS">
          <reporter-output>
          </reporter-output>
        </test-method> <!-- div -->
        <test-method signature="multi()[pri:0, instance:com.qa.tests.DemoTestJava@b2c9a9c]" started-at="2021-12-28T15:57:26Z" name="multi" finished-at="2021-12-28T15:57:26Z" duration-ms="2" status="PASS">
          <reporter-output>
          </reporter-output>
        </test-method> <!-- multi -->
        <test-method signature="sub()[pri:0, instance:com.qa.tests.DemoTestJava@b2c9a9c]" started-at="2021-12-28T15:57:26Z" name="sub" finished-at="2021-12-28T15:57:26Z" duration-ms="2" status="PASS">
          <reporter-output>
          </reporter-output>
        </test-method> <!-- sub -->
        <test-method signature="sum()[pri:0, instance:com.qa.tests.DemoTestJava@b2c9a9c]" started-at="2021-12-28T15:57:26Z" name="sum" finished-at="2021-12-28T15:57:26Z" duration-ms="2" status="PASS">
          <reporter-output>
          </reporter-output>
        </test-method> <!-- sum -->
      </class> <!-- com.qa.tests.DemoTestJava -->
    </test> <!-- LoginTest -->
  </suite> <!-- TestSuite -->
</testng-results>
