<?xml version="1.0" encoding="UTF-8"?>
<!-- Generated by org.testng.reporters.JUnitXMLReporter -->
<testsuite hostname="LAPTOP-Q896LVOS" failures="0" tests="5" name="LoginTest" time="6.435" errors="0" timestamp="28 Dec 2021 10:27:33 GMT">
  <testcase classname="com.qa.tests.DemoTestJava" name="div" time="0.014"/>
  <testcase classname="com.qa.tests.DemoTestJava" name="multi" time="0.002"/>
  <testcase classname="com.qa.tests.DemoTestJava" name="sub" time="0.002"/>
  <testcase classname="com.qa.tests.DemoTestJava" name="sum" time="0.002"/>
  <testcase classname="com.qa.tests.TestNGTestOne" name="f" time="6.228"/>
</testsuite> <!-- LoginTest -->
